[INFO ] 2020-08-02 22:12:53.162 [http-nio-8080-exec-10] SearchCoverage - Search for player with first name Ricky and last name Wysocki
[INFO ] 2020-08-02 22:21:29.199 [http-nio-8080-exec-10] SearchCoverage - Search for player with first name Ricky and last name Wysocki
[INFO ] 2020-08-02 22:22:22.730 [http-nio-8080-exec-10] SearchCoverage - Search for player with first name Ricky and last name Wysocki
[INFO ] 2020-08-02 22:23:28.176 [http-nio-8080-exec-9] SearchCoverage - Search for player with first name w and last name 
[INFO ] 2020-08-02 22:24:24.340 [http-nio-8080-exec-10] SearchCoverage - Search for player with first name Ricky and last name Wysocki
[INFO ] 2020-08-02 22:26:07.776 [http-nio-8080-exec-10] SearchCoverage - Search for player with first name Ricky and last name Wysocki
[INFO ] 2020-08-02 22:28:26.718 [http-nio-8080-exec-10] SearchCoverage - Search for player with first name Ricky and last name Wysocki
[INFO ] 2020-08-02 22:31:46.826 [http-nio-8080-exec-1] SearchCoverage - First Name: Ricky
[INFO ] 2020-08-02 22:31:46.829 [http-nio-8080-exec-1] SearchCoverage - Last Name: Wysocki
[INFO ] 2020-08-02 22:31:48.213 [http-nio-8080-exec-1] SearchCoverage - Search for player with first name Ricky and last name Wysocki
[INFO ] 2020-08-02 22:34:30.106 [http-nio-8080-exec-1] SearchCoverage - First Name: Ricky
[INFO ] 2020-08-02 22:34:30.110 [http-nio-8080-exec-1] SearchCoverage - Last Name: Wysocki
[INFO ] 2020-08-02 22:34:31.513 [http-nio-8080-exec-1] SearchCoverage - Result size: 0
[INFO ] 2020-08-02 22:34:31.513 [http-nio-8080-exec-1] SearchCoverage - Search for player with first name Ricky and last name Wysocki
[INFO ] 2020-08-02 22:35:52.744 [http-nio-8080-exec-5] SearchCoverage - First Name: Ricky
[INFO ] 2020-08-02 22:35:52.744 [http-nio-8080-exec-5] SearchCoverage - Last Name: Wysocki
[INFO ] 2020-08-02 22:35:52.758 [http-nio-8080-exec-5] SearchCoverage - Result size: 1
[INFO ] 2020-08-02 22:35:52.758 [http-nio-8080-exec-5] SearchCoverage - Player found first name: Ricky last name: Wysocki
[INFO ] 2020-08-02 22:35:52.758 [http-nio-8080-exec-5] SearchCoverage - Search for player with first name Ricky and last name Wysocki
[INFO ] 2020-08-02 22:46:01.277 [http-nio-8080-exec-10] SearchCoverage - First Name: Ricky
[INFO ] 2020-08-02 22:46:01.280 [http-nio-8080-exec-10] SearchCoverage - Last Name: Wysocki
[INFO ] 2020-08-02 22:47:06.395 [http-nio-8080-exec-5] SearchCoverage - First Name: Ricky
[INFO ] 2020-08-02 22:47:06.395 [http-nio-8080-exec-5] SearchCoverage - Last Name: Wysocki
[INFO ] 2020-08-02 22:47:06.409 [http-nio-8080-exec-5] SearchCoverage - Result size: 1
[INFO ] 2020-08-02 22:47:06.411 [http-nio-8080-exec-5] SearchCoverage - Player found first name: Ricky last name: Wysocki
[INFO ] 2020-08-02 22:47:06.411 [http-nio-8080-exec-5] SearchCoverage - Search for player with first name Ricky and last name Wysocki
[INFO ] 2020-08-02 22:47:24.019 [http-nio-8080-exec-7] SearchCoverage - First Name: Ricky
[INFO ] 2020-08-02 22:47:24.019 [http-nio-8080-exec-7] SearchCoverage - Last Name: Wysocki
[INFO ] 2020-08-02 22:47:24.022 [http-nio-8080-exec-7] SearchCoverage - Result size: 1
[INFO ] 2020-08-02 22:47:24.022 [http-nio-8080-exec-7] SearchCoverage - Player found first name: Ricky last name: Wysocki
[INFO ] 2020-08-02 22:47:24.022 [http-nio-8080-exec-7] SearchCoverage - Search for player with first name Ricky and last name Wysocki
[INFO ] 2020-08-02 22:47:53.701 [http-nio-8080-exec-10] SearchCoverage - First Name: Ricky
[INFO ] 2020-08-02 22:47:53.706 [http-nio-8080-exec-10] SearchCoverage - Last Name: Wysocki
[INFO ] 2020-08-02 22:47:55.057 [http-nio-8080-exec-10] SearchCoverage - Result size: 1
[INFO ] 2020-08-02 22:47:55.058 [http-nio-8080-exec-10] SearchCoverage - Player found first name: Ricky last name: Wysocki
[INFO ] 2020-08-02 22:47:55.058 [http-nio-8080-exec-10] SearchCoverage - Search for player with first name Ricky and last name Wysocki
[INFO ] 2020-08-02 22:51:21.997 [http-nio-8080-exec-10] SearchCoverage - First Name: Ricky
[INFO ] 2020-08-02 22:51:22.001 [http-nio-8080-exec-10] SearchCoverage - Last Name: Wysocki
[INFO ] 2020-08-02 22:51:23.337 [http-nio-8080-exec-10] SearchCoverage - Result size: 1
[INFO ] 2020-08-02 22:51:23.338 [http-nio-8080-exec-10] SearchCoverage - Player found first name: Ricky last name: Wysocki
[INFO ] 2020-08-02 22:51:23.339 [http-nio-8080-exec-10] SearchCoverage - Search for player with first name Ricky and last name Wysocki
[INFO ] 2020-08-02 22:55:57.751 [http-nio-8080-exec-10] SearchCoverage - First Name: Ricky
[INFO ] 2020-08-02 22:55:57.755 [http-nio-8080-exec-10] SearchCoverage - Last Name: Wysocki
[INFO ] 2020-08-02 22:55:59.127 [http-nio-8080-exec-10] SearchCoverage - Result size: 1
[INFO ] 2020-08-02 22:55:59.128 [http-nio-8080-exec-10] SearchCoverage - Player found first name: Ricky last name: Wysocki
[INFO ] 2020-08-02 22:55:59.128 [http-nio-8080-exec-10] SearchCoverage - Search for player with first name Ricky and last name Wysocki
[INFO ] 2020-08-02 22:56:26.971 [http-nio-8080-exec-10] SearchCoverage - First Name: Ricky
[INFO ] 2020-08-02 22:56:26.974 [http-nio-8080-exec-10] SearchCoverage - Last Name: Wysocki
[INFO ] 2020-08-02 22:56:28.360 [http-nio-8080-exec-10] SearchCoverage - Result size: 1
[INFO ] 2020-08-02 22:56:28.362 [http-nio-8080-exec-10] SearchCoverage - Player found first name: Ricky last name: Wysocki
[INFO ] 2020-08-02 22:56:28.362 [http-nio-8080-exec-10] SearchCoverage - Search for player with first name Ricky and last name Wysocki
[INFO ] 2020-08-02 22:57:27.550 [http-nio-8080-exec-10] SearchCoverage - First Name: Ricky
[INFO ] 2020-08-02 22:57:27.553 [http-nio-8080-exec-10] SearchCoverage - Last Name: Wysocki
[INFO ] 2020-08-02 22:57:28.901 [http-nio-8080-exec-10] SearchCoverage - Result size: 1
[INFO ] 2020-08-02 22:57:28.903 [http-nio-8080-exec-10] SearchCoverage - Player found first name: Ricky last name: Wysocki
[INFO ] 2020-08-02 22:57:28.903 [http-nio-8080-exec-10] SearchCoverage - Search for player with first name Ricky and last name Wysocki
[INFO ] 2020-08-02 23:01:45.583 [http-nio-8080-exec-5] SearchCoverage - First Name: Ricky
[INFO ] 2020-08-02 23:01:45.584 [http-nio-8080-exec-5] SearchCoverage - Last Name: 
[INFO ] 2020-08-02 23:01:45.586 [http-nio-8080-exec-5] SearchCoverage - Result size: 0
[INFO ] 2020-08-02 23:01:45.586 [http-nio-8080-exec-5] SearchCoverage - Search for player with first name Ricky and last name 
[INFO ] 2020-08-02 23:01:51.041 [http-nio-8080-exec-6] SearchCoverage - First Name: Ricky
[INFO ] 2020-08-02 23:01:51.041 [http-nio-8080-exec-6] SearchCoverage - Last Name: Wysocki
[INFO ] 2020-08-02 23:01:51.043 [http-nio-8080-exec-6] SearchCoverage - Result size: 1
[INFO ] 2020-08-02 23:01:51.043 [http-nio-8080-exec-6] SearchCoverage - Player found first name: Ricky last name: Wysocki
[INFO ] 2020-08-02 23:01:51.043 [http-nio-8080-exec-6] SearchCoverage - Search for player with first name Ricky and last name Wysocki
[INFO ] 2020-08-02 23:05:48.330 [http-nio-8080-exec-2] SearchCoverage - Result size: 1
[INFO ] 2020-08-02 23:05:48.336 [http-nio-8080-exec-2] SearchCoverage - Search for player with first name Ricky and last name Wysocki
[INFO ] 2020-08-02 23:15:31.507 [http-nio-8080-exec-1] SearchCoverage - Result size: 1
[INFO ] 2020-08-02 23:15:31.512 [http-nio-8080-exec-1] SearchCoverage - Search for player with first name Ricky and last name Wysocki
[INFO ] 2020-08-02 23:15:53.297 [http-nio-8080-exec-9] SearchCoverage - Result size: 1
[INFO ] 2020-08-02 23:15:53.297 [http-nio-8080-exec-9] SearchCoverage - Search for player with first name Ricky and last name Wysocki
[INFO ] 2020-08-02 23:17:36.789 [http-nio-8080-exec-10] SearchCoverage - Result size: 1
[INFO ] 2020-08-02 23:17:36.794 [http-nio-8080-exec-10] SearchCoverage - Search for player with first name Ricky and last name Wysocki
[INFO ] 2020-08-02 23:20:31.015 [http-nio-8080-exec-2] SearchCoverage - Result size: 1
[INFO ] 2020-08-02 23:20:31.020 [http-nio-8080-exec-2] SearchCoverage - Search for player with first name Ricky and last name Wysocki
[INFO ] 2020-08-08 12:49:47.735 [http-nio-8080-exec-3] SearchCoverage - Result size: 1
[INFO ] 2020-08-08 12:49:47.741 [http-nio-8080-exec-3] SearchCoverage - Search for player with first name Ricky and last name Wysocki
[INFO ] 2020-08-08 12:50:45.739 [http-nio-8080-exec-10] SearchCoverage - Result size: 0
[INFO ] 2020-08-08 12:50:45.739 [http-nio-8080-exec-10] SearchCoverage - Search for player with first name Ric and last name Wyso
[INFO ] 2020-08-08 13:15:49.838 [http-nio-8080-exec-10] SearchCoverage - Result size: 1
[INFO ] 2020-08-08 13:15:49.842 [http-nio-8080-exec-10] SearchCoverage - Search for player with first name rick and last name 
[INFO ] 2020-08-08 13:15:59.861 [http-nio-8080-exec-1] SearchCoverage - Result size: 1
[INFO ] 2020-08-08 13:15:59.861 [http-nio-8080-exec-1] SearchCoverage - Search for player with first name  and last name Wysocki
[INFO ] 2020-08-08 13:16:03.148 [http-nio-8080-exec-2] SearchCoverage - Result size: 1
[INFO ] 2020-08-08 13:16:03.148 [http-nio-8080-exec-2] SearchCoverage - Search for player with first name  and last name 
[INFO ] 2020-08-08 13:17:40.934 [http-nio-8080-exec-7] SearchCoverage - Result size: 2
[INFO ] 2020-08-08 13:17:40.934 [http-nio-8080-exec-7] SearchCoverage - Search for player with first name  and last name 
[INFO ] 2020-08-08 13:18:16.264 [http-nio-8080-exec-10] SearchCoverage - Result size: 2
[INFO ] 2020-08-08 13:18:16.268 [http-nio-8080-exec-10] SearchCoverage - Search for player with first name  and last name 
[INFO ] 2020-08-08 13:22:14.607 [http-nio-8080-exec-6] SearchCoverage - Result size: 2
[INFO ] 2020-08-08 13:22:14.607 [http-nio-8080-exec-6] SearchCoverage - Search for player with first name  and last name 
[INFO ] 2020-08-08 13:26:36.886 [http-nio-8080-exec-3] SearchCoverage - Result size: 2
[INFO ] 2020-08-08 13:26:36.890 [http-nio-8080-exec-3] SearchCoverage - Search for player with first name  and last name 
[INFO ] 2020-08-08 14:04:17.710 [http-nio-8080-exec-4] SearchCoverage - Result size: 1
[INFO ] 2020-08-08 14:04:17.716 [http-nio-8080-exec-4] SearchCoverage - Search for player with first name Ricky and last name 
[INFO ] 2020-08-08 14:14:49.328 [http-nio-8080-exec-3] SearchCoverage - Result size: 1
[INFO ] 2020-08-08 14:14:49.332 [http-nio-8080-exec-3] SearchCoverage - Search for player with first name Ricky and last name 
[INFO ] 2020-08-08 14:44:19.030 [http-nio-8080-exec-6] PlayerSearch - Search for player with first name Ricky and last name 
[INFO ] 2020-08-08 14:44:24.600 [http-nio-8080-exec-7] PlayerSearch - Search for player with first name  and last name 
[INFO ] 2020-08-08 14:44:54.132 [http-nio-8080-exec-3] PlayerSearch - Search for player with first name  and last name 
[INFO ] 2020-08-08 14:44:57.634 [http-nio-8080-exec-4] PlayerSearch - Search for player with first name  and last name 
[INFO ] 2020-08-08 14:45:00.560 [http-nio-8080-exec-5] PlayerSearch - Search for player with first name Ricky and last name 
[INFO ] 2020-08-08 15:01:38.556 [http-nio-8080-exec-9] PlayerSearch - Search for player with first name Ricky and last name 
[INFO ] 2020-08-08 15:02:40.985 [http-nio-8080-exec-1] PlayerSearch - Search for player with first name  and last name 
[INFO ] 2020-08-08 15:17:52.961 [http-nio-8080-exec-1] PlayerSearch - Search for player with first name Ricky and last name 
[INFO ] 2020-08-08 15:17:55.881 [http-nio-8080-exec-2] PlayerSearch - Search for player with first name  and last name 
[INFO ] 2020-08-08 15:18:10.035 [http-nio-8080-exec-7] TournamentSearch - Search for tournaments with name Ledge and in year 2019
[INFO ] 2020-08-08 15:19:00.736 [http-nio-8080-exec-10] TournamentSearch - Search for tournaments with name Ledge and in year 2019
[INFO ] 2020-08-08 15:22:44.591 [http-nio-8080-exec-1] TournamentSearch - Search for tournaments with name Ledge and in year 0
[INFO ] 2020-08-08 15:24:13.964 [http-nio-8080-exec-2] TournamentSearch - Search for tournaments with name Ledge
[INFO ] 2020-08-08 15:24:54.018 [http-nio-8080-exec-6] TournamentSearch - Search for tournaments with name Ledge and in year 2019
[INFO ] 2020-08-08 15:26:54.225 [http-nio-8080-exec-2] PlayerSearch - Search for player with first name  and last name 
[INFO ] 2020-08-08 15:26:59.187 [http-nio-8080-exec-4] TournamentSearch - Search for tournaments with name 
